<?xml version="1.0" encoding="UTF-8"?>
<!-- Generated by org.testng.reporters.JUnitReportReporter -->
<testsuite hostname="ANKIT" failures="0" tests="6" name="WebserviceTesting.WebserviceValidation" time="12.428" errors="0" timestamp="2022-09-10T01:32:41 IST" skipped="4">
  <testcase classname="WebserviceTesting.WebserviceValidation" name="Test1_PvrTokenGeneration" time="4.021"/>
  <system-out/>
  <testcase classname="WebserviceTesting.WebserviceValidation" name="Test4" time="8.407"/>
  <system-out/>
  <testcase classname="WebserviceTesting.WebserviceValidation" name="Test6">
    <skipped/>
  </testcase> <!-- Test6 -->
  <system-out/>
  <testcase classname="WebserviceTesting.WebserviceValidation" name="Test5">
    <skipped/>
  </testcase> <!-- Test5 -->
  <system-out/>
  <testcase classname="WebserviceTesting.WebserviceValidation" name="Test3">
    <skipped/>
  </testcase> <!-- Test3 -->
  <system-out/>
  <testcase classname="WebserviceTesting.WebserviceValidation" name="Test2">
    <skipped/>
  </testcase> <!-- Test2 -->
  <system-out/>
</testsuite> <!-- WebserviceTesting.WebserviceValidation -->
